0 info it worked if it ends with ok
1 verbose cli [ 'd:\\nodejs\\node.exe',
1 verbose cli   'd:\\nodejs\\node_modules\\npm\\bin\\npm-cli.js',
1 verbose cli   'install',
1 verbose cli   '--save-dev',
1 verbose cli   'gulp-yuicompressor' ]
2 info using npm@1.4.28
3 info using node@v0.10.35
4 error Error: Invalid version: "2.0"
4 error     at Object.module.exports.fixVersionField (d:\nodejs\node_modules\npm\node_modules\read-package-json\node_modules\normalize-package-data\lib\fixer.js:183:13)
4 error     at d:\nodejs\node_modules\npm\node_modules\read-package-json\node_modules\normalize-package-data\lib\normalize.js:30:38
4 error     at Array.forEach (native)
4 error     at normalize (d:\nodejs\node_modules\npm\node_modules\read-package-json\node_modules\normalize-package-data\lib\normalize.js:29:15)
4 error     at final (d:\nodejs\node_modules\npm\node_modules\read-package-json\read-json.js:342:33)
4 error     at then (d:\nodejs\node_modules\npm\node_modules\read-package-json\read-json.js:126:33)
4 error     at d:\nodejs\node_modules\npm\node_modules\read-package-json\read-json.js:331:40
4 error     at evalmachine.<anonymous>:272:14
4 error     at d:\nodejs\node_modules\npm\node_modules\graceful-fs\graceful-fs.js:102:5
4 error     at Object.oncomplete (evalmachine.<anonymous>:108:15)
5 error If you need help, you may report this *entire* log,
5 error including the npm and node versions, at:
5 error     <http://github.com/npm/npm/issues>
6 error System Windows_NT 6.1.7601
7 error command "d:\\nodejs\\node.exe" "d:\\nodejs\\node_modules\\npm\\bin\\npm-cli.js" "install" "--save-dev" "gulp-yuicompressor"
8 error cwd d:\openserver\domains\osf-orange
9 error node -v v0.10.35
10 error npm -v 1.4.28
11 verbose exit [ 1, true ]
